<?xml version="1.0" encoding="UTF-8"?>
<testsuite name="EmployeeCRUDTest" tests="1" skipped="0" failures="0" errors="0" timestamp="2021-12-08T07:57:45" hostname="LAPTOP-QMN0TTSR" time="0.189">
  <properties/>
  <testcase name="deleteUserTest()" classname="EmployeeCRUDTest" time="0.189"/>
  <system-out><![CDATA[]]></system-out>
  <system-err><![CDATA[]]></system-err>
</testsuite>
